2026-03-20 09:08:58.855 | admin | USER_LOGIN | User | 6562bc81-3d8e-47f0-bb77-3a136d528d87 | role=ADMIN
2026-03-20 09:09:36.596 | admin | MEDICINE_UPDATE | Medicine | 1811dc6c-100b-4a4e-93e0-3f96ca2631f4 | name=Paracetamol
2026-03-20 09:09:45.680 | recep | USER_LOGIN | User | 7c9029e6-1470-434c-93e4-1c8438b1fcd3 | role=RECEPTIONIST
2026-03-20 09:18:12.594 | recep | PATIENT_CREATE | Patient | 12c25ce0-7cd2-4834-8a99-04d6f0333567 | name=Uday Patel
2026-03-20 09:18:44.614 | recep | APPOINTMENT_CREATE | Appointment | a3e4bca1-64fe-42fa-b1eb-c3f05b3b31df | patient=Uday Patel
2026-03-20 09:18:52.675 | recep | APPOINTMENT_STATUS_UPDATE | Appointment | a3e4bca1-64fe-42fa-b1eb-c3f05b3b31df | status=CHECKED_IN
2026-03-20 09:19:08.606 | Pritam | USER_LOGIN | User | 1b64df6d-e132-4dcd-93ec-2a7c7333bd51 | role=DOCTOR
2026-03-20 09:29:46.244 | Pritam | APPOINTMENT_STATUS_UPDATE | Appointment | a3e4bca1-64fe-42fa-b1eb-c3f05b3b31df | status=IN_CONSULTATION
2026-03-20 09:56:01.311 | farm | USER_LOGIN | User | d6d29ba6-560c-4a49-86e6-1292685c650b | role=PHARMACIST
2026-03-20 10:19:29.091 | farm | USER_LOGIN | User | d6d29ba6-560c-4a49-86e6-1292685c650b | role=PHARMACIST
2026-03-20 10:20:05.713 | farm | USER_LOGOUT | User | d6d29ba6-560c-4a49-86e6-1292685c650b | 
2026-03-20 10:59:39.822 | Pritam | USER_LOGIN | User | 1b64df6d-e132-4dcd-93ec-2a7c7333bd51 | role=DOCTOR
2026-03-20 10:59:55.792 | Pritam | LOW_STOCK_MANUAL_REPORT | Medicine | 1811dc6c-100b-4a4e-93e0-3f96ca2631f4 | REPORTED: Low stock/Required by patient | CURRENT STOCK: 1
2026-03-20 11:00:08.037 | Pritam | USER_LOGOUT | User | 1b64df6d-e132-4dcd-93ec-2a7c7333bd51 | 
2026-03-20 11:00:11.561 | farm | USER_LOGIN | User | d6d29ba6-560c-4a49-86e6-1292685c650b | role=PHARMACIST
2026-03-20 11:08:20.066 | farm | MEDICINE_CREATE | Medicine | 18341c8c-5f7d-4d67-af6b-6086f1057370 | name=Amoxicillin
2026-03-20 11:37:43.388 | Pritam | USER_LOGIN | User | 1b64df6d-e132-4dcd-93ec-2a7c7333bd51 | role=DOCTOR
2026-03-20 12:00:06.144 | Pritam | USER_LOGOUT | User | 1b64df6d-e132-4dcd-93ec-2a7c7333bd51 | 
2026-03-20 12:00:11.643 | admin | USER_LOGIN | User | 6562bc81-3d8e-47f0-bb77-3a136d528d87 | role=ADMIN
2026-03-20 12:01:09.137 | admin | MEDICINE_UPDATE | Medicine | 1811dc6c-100b-4a4e-93e0-3f96ca2631f4 | name=Paracetamol
2026-03-20 15:37:27.575 | admin | USER_LOGIN | User | 6562bc81-3d8e-47f0-bb77-3a136d528d87 | role=ADMIN
2026-03-20 15:39:10.611 | admin | USER_LOGOUT | User | 6562bc81-3d8e-47f0-bb77-3a136d528d87 | 
2026-03-20 15:39:15.511 | Pritam | USER_LOGIN | User | 1b64df6d-e132-4dcd-93ec-2a7c7333bd51 | role=DOCTOR
2026-03-20 15:39:24.483 | Pritam | APPOINTMENT_STATUS_UPDATE | Appointment | a3e4bca1-64fe-42fa-b1eb-c3f05b3b31df | status=COMPLETED
2026-03-20 15:41:42.262 | Pritam | USER_LOGOUT | User | 1b64df6d-e132-4dcd-93ec-2a7c7333bd51 | 
2026-03-20 15:41:58.017 | admin | USER_LOGIN | User | 6562bc81-3d8e-47f0-bb77-3a136d528d87 | role=ADMIN
2026-03-20 15:43:48.672 | admin | USER_LOGOUT | User | 6562bc81-3d8e-47f0-bb77-3a136d528d87 | 
2026-03-20 15:43:56.213 | recep | USER_LOGIN | User | 7c9029e6-1470-434c-93e4-1c8438b1fcd3 | role=RECEPTIONIST
2026-03-20 16:16:01.013 | recep | USER_LOGOUT | User | 7c9029e6-1470-434c-93e4-1c8438b1fcd3 | 
2026-03-20 16:16:04.429 | admin | USER_LOGIN | User | 6562bc81-3d8e-47f0-bb77-3a136d528d87 | role=ADMIN
2026-03-20 16:19:53.051 | admin | DOCTOR_CREATE | Doctor | eb4f3e51-605a-4086-8a81-2075d08db79a | name=Rishi Patek
2026-03-20 16:28:01.255 | admin | PATIENT_CREATE | Patient | 12b8b27b-b665-4c66-8b72-542e28f1158f | name=Kishan
2026-03-20 16:28:23.948 | admin | USER_LOGOUT | User | 6562bc81-3d8e-47f0-bb77-3a136d528d87 | 
2026-03-20 16:28:26.892 | recep | USER_LOGIN | User | 7c9029e6-1470-434c-93e4-1c8438b1fcd3 | role=RECEPTIONIST
2026-03-20 16:29:15.758 | recep | APPOINTMENT_CREATE | Appointment | 7f15e1d0-731a-4cd0-8a0c-ff2f35d8b336 | patient=Kishan
2026-03-20 16:29:42.455 | recep | USER_LOGOUT | User | 7c9029e6-1470-434c-93e4-1c8438b1fcd3 | 
2026-03-20 16:29:53.255 | admin | USER_LOGIN | User | 6562bc81-3d8e-47f0-bb77-3a136d528d87 | role=ADMIN
2026-03-20 16:30:30.456 | admin | USER_LOGOUT | User | 6562bc81-3d8e-47f0-bb77-3a136d528d87 | 
2026-03-20 16:30:34.045 | recep | USER_LOGIN | User | 7c9029e6-1470-434c-93e4-1c8438b1fcd3 | role=RECEPTIONIST
2026-03-20 16:47:34.840 | recep | APPOINTMENT_CREATE | Appointment | aab94c94-bd9b-4ece-9539-1dfbb3ed92c1 | patient=Kishan
2026-03-20 16:47:43.138 | recep | APPOINTMENT_DELETE | Appointment | aab94c94-bd9b-4ece-9539-1dfbb3ed92c1 | deleted=true
2026-03-20 16:49:29.975 | recep | APPOINTMENT_UPDATE | Appointment | 7f15e1d0-731a-4cd0-8a0c-ff2f35d8b336 | patient=Kishan
2026-03-20 16:51:12.515 | recep | USER_LOGOUT | User | 7c9029e6-1470-434c-93e4-1c8438b1fcd3 | 
2026-03-20 16:51:16.082 | admin | USER_LOGIN | User | 6562bc81-3d8e-47f0-bb77-3a136d528d87 | role=ADMIN
2026-03-20 16:53:41.648 | admin | USER_LOGOUT | User | 6562bc81-3d8e-47f0-bb77-3a136d528d87 | 
2026-03-20 16:53:46.602 | recep | USER_LOGIN | User | 7c9029e6-1470-434c-93e4-1c8438b1fcd3 | role=RECEPTIONIST
2026-03-20 16:56:50.116 | recep | APPOINTMENT_UPDATE | Appointment | 7f15e1d0-731a-4cd0-8a0c-ff2f35d8b336 | patient=Kishan
2026-03-20 17:01:18.752 | recep | APPOINTMENT_STATUS_UPDATE | Appointment | 7f15e1d0-731a-4cd0-8a0c-ff2f35d8b336 | status=CHECKED_IN
